<?xml version="1.0" encoding="UTF-8"?>
<!-- Generated by org.testng.reporters.JUnitXMLReporter -->
<testsuite hostname="Zift-2099" ignored="0" name="Surefire test" tests="2" failures="2" timestamp="26 Dec 2018 20:27:02 GMT" time="0.399" errors="0">
  <testcase name="feature" time="0.12" classname="cucumber.api.testng.AbstractTestNGCucumberTests">
    <failure type="cucumber.runtime.CucumberException" message="com.typesafe.config.ConfigException$Missing: No configuration setting found for key &amp;apos;selenium&amp;apos;">
      <![CDATA[cucumber.runtime.CucumberException: com.typesafe.config.ConfigException$Missing: No configuration setting found for key 'selenium'
at cucumber.api.testng.TestNGCucumberRunner.runCucumber(TestNGCucumberRunner.java:69)
at cucumber.api.testng.AbstractTestNGCucumberTests.feature(AbstractTestNGCucumberTests.java:21)
at java.util.concurrent.ThreadPoolExecutor.runWorker(ThreadPoolExecutor.java:1142)
at java.util.concurrent.ThreadPoolExecutor$Worker.run(ThreadPoolExecutor.java:617)
at java.lang.Thread.run(Thread.java:745)
Caused by: com.typesafe.config.ConfigException$Missing: No configuration setting found for key 'selenium'
at com.typesafe.config.impl.SimpleConfig.findKey(SimpleConfig.java:115)
at com.typesafe.config.impl.SimpleConfig.find(SimpleConfig.java:138)
at com.typesafe.config.impl.SimpleConfig.find(SimpleConfig.java:150)
at com.typesafe.config.impl.SimpleConfig.find(SimpleConfig.java:155)
at com.typesafe.config.impl.SimpleConfig.getString(SimpleConfig.java:197)
at utils.properties.FrameworkProperties.getProperty(FrameworkProperties.java:40)
at utils.properties.FrameworkProperties.getBrowser(FrameworkProperties.java:31)
at com.company.steps.BaseSteps.setUP(BaseSteps.java:40)
at cucumber.runtime.Utils$1.call(Utils.java:40)
at cucumber.runtime.Timeout.timeout(Timeout.java:16)
at cucumber.runtime.Utils.invoke(Utils.java:34)
at cucumber.runtime.java.JavaHookDefinition.execute(JavaHookDefinition.java:60)
at cucumber.runtime.Runtime.runHookIfTagsMatch(Runtime.java:224)
at cucumber.runtime.Runtime.runHooks(Runtime.java:212)
at cucumber.runtime.Runtime.runBeforeHooks(Runtime.java:202)
at cucumber.runtime.model.CucumberScenario.run(CucumberScenario.java:40)
at cucumber.runtime.model.CucumberFeature.run(CucumberFeature.java:165)
at cucumber.api.testng.TestNGCucumberRunner.runCucumber(TestNGCucumberRunner.java:63)
... 14 more
... Removed 14 stack frames]]>
    </failure>
  </testcase> <!-- feature -->
  <testcase name="feature" time="0.021" classname="cucumber.api.testng.AbstractTestNGCucumberTests">
    <failure type="cucumber.runtime.CucumberException" message="com.typesafe.config.ConfigException$Missing: No configuration setting found for key &amp;apos;selenium&amp;apos;">
      <![CDATA[cucumber.runtime.CucumberException: com.typesafe.config.ConfigException$Missing: No configuration setting found for key 'selenium'
at cucumber.api.testng.TestNGCucumberRunner.runCucumber(TestNGCucumberRunner.java:69)
at cucumber.api.testng.AbstractTestNGCucumberTests.feature(AbstractTestNGCucumberTests.java:21)
at java.util.concurrent.ThreadPoolExecutor.runWorker(ThreadPoolExecutor.java:1142)
at java.util.concurrent.ThreadPoolExecutor$Worker.run(ThreadPoolExecutor.java:617)
at java.lang.Thread.run(Thread.java:745)
Caused by: com.typesafe.config.ConfigException$Missing: No configuration setting found for key 'selenium'
at com.typesafe.config.impl.SimpleConfig.findKey(SimpleConfig.java:115)
at com.typesafe.config.impl.SimpleConfig.find(SimpleConfig.java:138)
at com.typesafe.config.impl.SimpleConfig.find(SimpleConfig.java:150)
at com.typesafe.config.impl.SimpleConfig.find(SimpleConfig.java:155)
at com.typesafe.config.impl.SimpleConfig.getString(SimpleConfig.java:197)
at utils.properties.FrameworkProperties.getProperty(FrameworkProperties.java:40)
at utils.properties.FrameworkProperties.getBrowser(FrameworkProperties.java:31)
at com.company.steps.BaseSteps.setUP(BaseSteps.java:40)
at cucumber.runtime.Utils$1.call(Utils.java:40)
at cucumber.runtime.Timeout.timeout(Timeout.java:16)
at cucumber.runtime.Utils.invoke(Utils.java:34)
at cucumber.runtime.java.JavaHookDefinition.execute(JavaHookDefinition.java:60)
at cucumber.runtime.Runtime.runHookIfTagsMatch(Runtime.java:224)
at cucumber.runtime.Runtime.runHooks(Runtime.java:212)
at cucumber.runtime.Runtime.runBeforeHooks(Runtime.java:202)
at cucumber.runtime.model.CucumberScenario.run(CucumberScenario.java:40)
at cucumber.runtime.model.CucumberScenarioOutline.run(CucumberScenarioOutline.java:46)
at cucumber.runtime.model.CucumberFeature.run(CucumberFeature.java:165)
at cucumber.api.testng.TestNGCucumberRunner.runCucumber(TestNGCucumberRunner.java:63)
... 14 more
... Removed 14 stack frames]]>
    </failure>
  </testcase> <!-- feature -->
</testsuite> <!-- Surefire test -->
