<?xml version="1.0" encoding="UTF-8"?>
<testng-results skipped="0" failed="2" ignored="0" total="2" passed="0">
  <reporter-output>
  </reporter-output>
  <suite name="Surefire suite" duration-ms="399" started-at="2018-12-26T20:27:01Z" finished-at="2018-12-26T20:27:02Z">
    <groups>
      <group name="cucumber">
        <method signature="AbstractTestNGCucumberTests.feature(cucumber.api.testng.CucumberFeatureWrapper)[pri:0, instance:com.company.testRunners.TestRunner@51565ec2]" name="feature" class="cucumber.api.testng.AbstractTestNGCucumberTests"/>
      </group> <!-- cucumber -->
    </groups>
    <test name="Surefire test" duration-ms="399" started-at="2018-12-26T20:27:01Z" finished-at="2018-12-26T20:27:02Z">
      <class name="com.company.testRunners.TestRunner">
        <test-method status="PASS" signature="setUpClass()[pri:0, instance:com.company.testRunners.TestRunner@51565ec2]" name="setUpClass" is-config="true" duration-ms="165" started-at="2018-12-26T20:27:01Z" finished-at="2018-12-26T20:27:02Z">
          <reporter-output>
          </reporter-output>
        </test-method> <!-- setUpClass -->
        <test-method status="FAIL" signature="feature(cucumber.api.testng.CucumberFeatureWrapper)[pri:0, instance:com.company.testRunners.TestRunner@51565ec2]" name="feature" duration-ms="120" started-at="2018-12-26T20:27:02Z" description="Runs Cucumber Feature" data-provider="features" finished-at="2018-12-26T20:27:02Z">
          <params>
            <param index="0">
              <value>
                <![CDATA[Guinea Pig comment]]>
              </value>
            </param>
          </params>
          <exception class="cucumber.runtime.CucumberException">
            <message>
              <![CDATA[com.typesafe.config.ConfigException$Missing: No configuration setting found for key 'selenium']]>
            </message>
            <full-stacktrace>
              <![CDATA[cucumber.runtime.CucumberException: com.typesafe.config.ConfigException$Missing: No configuration setting found for key 'selenium'
at cucumber.api.testng.TestNGCucumberRunner.runCucumber(TestNGCucumberRunner.java:69)
at cucumber.api.testng.AbstractTestNGCucumberTests.feature(AbstractTestNGCucumberTests.java:21)
at sun.reflect.NativeMethodAccessorImpl.invoke0(Native Method)
at sun.reflect.NativeMethodAccessorImpl.invoke(NativeMethodAccessorImpl.java:62)
at sun.reflect.DelegatingMethodAccessorImpl.invoke(DelegatingMethodAccessorImpl.java:43)
at java.lang.reflect.Method.invoke(Method.java:498)
at org.testng.internal.MethodInvocationHelper.invokeMethod(MethodInvocationHelper.java:124)
at org.testng.internal.Invoker.invokeMethod(Invoker.java:583)
at org.testng.internal.Invoker.invokeTestMethod(Invoker.java:719)
at org.testng.internal.Invoker.invokeTestMethods(Invoker.java:989)
at org.testng.internal.TestMethodWorker.invokeTestMethods(TestMethodWorker.java:125)
at org.testng.internal.TestMethodWorker.run(TestMethodWorker.java:109)
at java.util.concurrent.ThreadPoolExecutor.runWorker(ThreadPoolExecutor.java:1142)
at java.util.concurrent.ThreadPoolExecutor$Worker.run(ThreadPoolExecutor.java:617)
at java.lang.Thread.run(Thread.java:745)
Caused by: com.typesafe.config.ConfigException$Missing: No configuration setting found for key 'selenium'
at com.typesafe.config.impl.SimpleConfig.findKey(SimpleConfig.java:115)
at com.typesafe.config.impl.SimpleConfig.find(SimpleConfig.java:138)
at com.typesafe.config.impl.SimpleConfig.find(SimpleConfig.java:150)
at com.typesafe.config.impl.SimpleConfig.find(SimpleConfig.java:155)
at com.typesafe.config.impl.SimpleConfig.getString(SimpleConfig.java:197)
at utils.properties.FrameworkProperties.getProperty(FrameworkProperties.java:40)
at utils.properties.FrameworkProperties.getBrowser(FrameworkProperties.java:31)
at com.company.steps.BaseSteps.setUP(BaseSteps.java:40)
at sun.reflect.NativeMethodAccessorImpl.invoke0(Native Method)
at sun.reflect.NativeMethodAccessorImpl.invoke(NativeMethodAccessorImpl.java:62)
at sun.reflect.DelegatingMethodAccessorImpl.invoke(DelegatingMethodAccessorImpl.java:43)
at java.lang.reflect.Method.invoke(Method.java:498)
at cucumber.runtime.Utils$1.call(Utils.java:40)
at cucumber.runtime.Timeout.timeout(Timeout.java:16)
at cucumber.runtime.Utils.invoke(Utils.java:34)
at cucumber.runtime.java.JavaHookDefinition.execute(JavaHookDefinition.java:60)
at cucumber.runtime.Runtime.runHookIfTagsMatch(Runtime.java:224)
at cucumber.runtime.Runtime.runHooks(Runtime.java:212)
at cucumber.runtime.Runtime.runBeforeHooks(Runtime.java:202)
at cucumber.runtime.model.CucumberScenario.run(CucumberScenario.java:40)
at cucumber.runtime.model.CucumberFeature.run(CucumberFeature.java:165)
at cucumber.api.testng.TestNGCucumberRunner.runCucumber(TestNGCucumberRunner.java:63)
... 14 more
]]>
            </full-stacktrace>
          </exception> <!-- cucumber.runtime.CucumberException -->
          <reporter-output>
          </reporter-output>
        </test-method> <!-- feature -->
        <test-method status="FAIL" signature="feature(cucumber.api.testng.CucumberFeatureWrapper)[pri:0, instance:com.company.testRunners.TestRunner@51565ec2]" name="feature" duration-ms="21" started-at="2018-12-26T20:27:02Z" description="Runs Cucumber Feature" data-provider="features" finished-at="2018-12-26T20:27:02Z">
          <params>
            <param index="0">
              <value>
                <![CDATA[LoginFeature]]>
              </value>
            </param>
          </params>
          <exception class="cucumber.runtime.CucumberException">
            <message>
              <![CDATA[com.typesafe.config.ConfigException$Missing: No configuration setting found for key 'selenium']]>
            </message>
            <full-stacktrace>
              <![CDATA[cucumber.runtime.CucumberException: com.typesafe.config.ConfigException$Missing: No configuration setting found for key 'selenium'
at cucumber.api.testng.TestNGCucumberRunner.runCucumber(TestNGCucumberRunner.java:69)
at cucumber.api.testng.AbstractTestNGCucumberTests.feature(AbstractTestNGCucumberTests.java:21)
at sun.reflect.NativeMethodAccessorImpl.invoke0(Native Method)
at sun.reflect.NativeMethodAccessorImpl.invoke(NativeMethodAccessorImpl.java:62)
at sun.reflect.DelegatingMethodAccessorImpl.invoke(DelegatingMethodAccessorImpl.java:43)
at java.lang.reflect.Method.invoke(Method.java:498)
at org.testng.internal.MethodInvocationHelper.invokeMethod(MethodInvocationHelper.java:124)
at org.testng.internal.Invoker.invokeMethod(Invoker.java:583)
at org.testng.internal.Invoker.invokeTestMethod(Invoker.java:719)
at org.testng.internal.Invoker.invokeTestMethods(Invoker.java:989)
at org.testng.internal.TestMethodWorker.invokeTestMethods(TestMethodWorker.java:125)
at org.testng.internal.TestMethodWorker.run(TestMethodWorker.java:109)
at java.util.concurrent.ThreadPoolExecutor.runWorker(ThreadPoolExecutor.java:1142)
at java.util.concurrent.ThreadPoolExecutor$Worker.run(ThreadPoolExecutor.java:617)
at java.lang.Thread.run(Thread.java:745)
Caused by: com.typesafe.config.ConfigException$Missing: No configuration setting found for key 'selenium'
at com.typesafe.config.impl.SimpleConfig.findKey(SimpleConfig.java:115)
at com.typesafe.config.impl.SimpleConfig.find(SimpleConfig.java:138)
at com.typesafe.config.impl.SimpleConfig.find(SimpleConfig.java:150)
at com.typesafe.config.impl.SimpleConfig.find(SimpleConfig.java:155)
at com.typesafe.config.impl.SimpleConfig.getString(SimpleConfig.java:197)
at utils.properties.FrameworkProperties.getProperty(FrameworkProperties.java:40)
at utils.properties.FrameworkProperties.getBrowser(FrameworkProperties.java:31)
at com.company.steps.BaseSteps.setUP(BaseSteps.java:40)
at sun.reflect.NativeMethodAccessorImpl.invoke0(Native Method)
at sun.reflect.NativeMethodAccessorImpl.invoke(NativeMethodAccessorImpl.java:62)
at sun.reflect.DelegatingMethodAccessorImpl.invoke(DelegatingMethodAccessorImpl.java:43)
at java.lang.reflect.Method.invoke(Method.java:498)
at cucumber.runtime.Utils$1.call(Utils.java:40)
at cucumber.runtime.Timeout.timeout(Timeout.java:16)
at cucumber.runtime.Utils.invoke(Utils.java:34)
at cucumber.runtime.java.JavaHookDefinition.execute(JavaHookDefinition.java:60)
at cucumber.runtime.Runtime.runHookIfTagsMatch(Runtime.java:224)
at cucumber.runtime.Runtime.runHooks(Runtime.java:212)
at cucumber.runtime.Runtime.runBeforeHooks(Runtime.java:202)
at cucumber.runtime.model.CucumberScenario.run(CucumberScenario.java:40)
at cucumber.runtime.model.CucumberScenarioOutline.run(CucumberScenarioOutline.java:46)
at cucumber.runtime.model.CucumberFeature.run(CucumberFeature.java:165)
at cucumber.api.testng.TestNGCucumberRunner.runCucumber(TestNGCucumberRunner.java:63)
... 14 more
]]>
            </full-stacktrace>
          </exception> <!-- cucumber.runtime.CucumberException -->
          <reporter-output>
          </reporter-output>
        </test-method> <!-- feature -->
        <test-method status="PASS" signature="tearDownClass()[pri:0, instance:com.company.testRunners.TestRunner@51565ec2]" name="tearDownClass" is-config="true" duration-ms="13" started-at="2018-12-26T20:27:02Z" finished-at="2018-12-26T20:27:02Z">
          <reporter-output>
          </reporter-output>
        </test-method> <!-- tearDownClass -->
      </class> <!-- com.company.testRunners.TestRunner -->
    </test> <!-- Surefire test -->
  </suite> <!-- Surefire suite -->
</testng-results>
